{"/Users/mikemccallum/CODES/Class_Practice/JS/JavaBasics/mongoose-relations/controllers/author_controller.js": {"path":"/Users/mikemccallum/CODES/Class_Practice/JS/JavaBasics/mongoose-relations/controllers/author_controller.js","statementMap":{"0":{"start":{"line":1,"column":20},"end":{"line":1,"column":64}},"1":{"start":{"line":5,"column":30},"end":{"line":5,"column":38}},"2":{"start":{"line":6,"column":17},"end":{"line":7,"column":48}},"3":{"start":{"line":7,"column":22},"end":{"line":7,"column":47}},"4":{"start":{"line":9,"column":4},"end":{"line":9,"column":43}},"5":{"start":{"line":14,"column":18},"end":{"line":14,"column":42}},"6":{"start":{"line":15,"column":4},"end":{"line":15,"column":42}},"7":{"start":{"line":20,"column":4},"end":{"line":20,"column":29}},"8":{"start":{"line":25,"column":17},"end":{"line":25,"column":27}},"9":{"start":{"line":26,"column":4},"end":{"line":26,"column":44}},"10":{"start":{"line":27,"column":4},"end":{"line":27,"column":29}},"11":{"start":{"line":32,"column":17},"end":{"line":32,"column":27}},"12":{"start":{"line":34,"column":17},"end":{"line":34,"column":47}},"13":{"start":{"line":36,"column":4},"end":{"line":36,"column":40}},"14":{"start":{"line":41,"column":32},"end":{"line":41,"column":40}},"15":{"start":{"line":42,"column":17},"end":{"line":42,"column":27}},"16":{"start":{"line":44,"column":4},"end":{"line":44,"column":65}},"17":{"start":{"line":45,"column":4},"end":{"line":45,"column":35}},"18":{"start":{"line":50,"column":17},"end":{"line":50,"column":27}},"19":{"start":{"line":51,"column":17},"end":{"line":51,"column":47}},"20":{"start":{"line":52,"column":4},"end":{"line":52,"column":42}},"21":{"start":{"line":55,"column":0},"end":{"line":63,"column":1}}},"fnMap":{"0":{"name":"create","decl":{"start":{"line":3,"column":15},"end":{"line":3,"column":21}},"loc":{"start":{"line":3,"column":32},"end":{"line":10,"column":1}},"line":3},"1":{"name":"(anonymous_1)","decl":{"start":{"line":7,"column":15},"end":{"line":7,"column":16}},"loc":{"start":{"line":7,"column":22},"end":{"line":7,"column":47}},"line":7},"2":{"name":"index","decl":{"start":{"line":12,"column":15},"end":{"line":12,"column":20}},"loc":{"start":{"line":12,"column":31},"end":{"line":16,"column":1}},"line":12},"3":{"name":"make","decl":{"start":{"line":18,"column":9},"end":{"line":18,"column":13}},"loc":{"start":{"line":18,"column":24},"end":{"line":21,"column":1}},"line":18},"4":{"name":"destroy","decl":{"start":{"line":23,"column":15},"end":{"line":23,"column":22}},"loc":{"start":{"line":23,"column":33},"end":{"line":28,"column":1}},"line":23},"5":{"name":"show","decl":{"start":{"line":30,"column":15},"end":{"line":30,"column":19}},"loc":{"start":{"line":30,"column":30},"end":{"line":37,"column":1}},"line":30},"6":{"name":"update","decl":{"start":{"line":39,"column":15},"end":{"line":39,"column":21}},"loc":{"start":{"line":39,"column":32},"end":{"line":46,"column":1}},"line":39},"7":{"name":"edit","decl":{"start":{"line":48,"column":15},"end":{"line":48,"column":19}},"loc":{"start":{"line":48,"column":30},"end":{"line":53,"column":1}},"line":48}},"branchMap":{},"s":{"0":1,"1":0,"2":0,"3":0,"4":0,"5":1,"6":1,"7":0,"8":0,"9":0,"10":0,"11":0,"12":0,"13":0,"14":0,"15":0,"16":0,"17":0,"18":0,"19":0,"20":0,"21":1},"f":{"0":0,"1":0,"2":1,"3":0,"4":0,"5":0,"6":0,"7":0},"b":{},"_coverageSchema":"332fd63041d2c1bcb487cc26dd0d5f7d97098a6c","hash":"74916851e14730e58dd7884c5e7966621afce572"}
,"/Users/mikemccallum/CODES/Class_Practice/JS/JavaBasics/mongoose-relations/database/models/author_model.js": {"path":"/Users/mikemccallum/CODES/Class_Practice/JS/JavaBasics/mongoose-relations/database/models/author_model.js","statementMap":{"0":{"start":{"line":1,"column":17},"end":{"line":1,"column":36}},"1":{"start":{"line":2,"column":21},"end":{"line":2,"column":58}},"2":{"start":{"line":4,"column":20},"end":{"line":4,"column":58}},"3":{"start":{"line":6,"column":0},"end":{"line":6,"column":29}}},"fnMap":{},"branchMap":{},"s":{"0":1,"1":1,"2":1,"3":1},"f":{},"b":{},"_coverageSchema":"332fd63041d2c1bcb487cc26dd0d5f7d97098a6c","hash":"eb9cdbb545c7987dfc79bbe4dc6ac1ab09d76672"}
,"/Users/mikemccallum/CODES/Class_Practice/JS/JavaBasics/mongoose-relations/database/schemas/author_schema.js": {"path":"/Users/mikemccallum/CODES/Class_Practice/JS/JavaBasics/mongoose-relations/database/schemas/author_schema.js","statementMap":{"0":{"start":{"line":1,"column":17},"end":{"line":1,"column":36}},"1":{"start":{"line":2,"column":15},"end":{"line":2,"column":30}},"2":{"start":{"line":4,"column":21},"end":{"line":18,"column":2}},"3":{"start":{"line":20,"column":0},"end":{"line":20,"column":30}}},"fnMap":{},"branchMap":{},"s":{"0":1,"1":1,"2":1,"3":1},"f":{},"b":{},"_coverageSchema":"332fd63041d2c1bcb487cc26dd0d5f7d97098a6c","hash":"894e989d14f0c3d2f11fb545924a108f6a843c21"}
}
