TN:
SF:/Users/mikemccallum/CODES/Class_Practice/JS/JavaBasics/mongoose-relations/controllers/author_controller.js
FN:3,create
FN:7,(anonymous_1)
FN:12,index
FN:18,make
FN:23,destroy
FN:30,show
FN:39,update
FN:48,edit
FNF:8
FNH:1
FNDA:0,create
FNDA:0,(anonymous_1)
FNDA:1,index
FNDA:0,make
FNDA:0,destroy
FNDA:0,show
FNDA:0,update
FNDA:0,edit
DA:1,1
DA:5,0
DA:6,0
DA:7,0
DA:9,0
DA:14,1
DA:15,1
DA:20,0
DA:25,0
DA:26,0
DA:27,0
DA:32,0
DA:34,0
DA:36,0
DA:41,0
DA:42,0
DA:44,0
DA:45,0
DA:50,0
DA:51,0
DA:52,0
DA:55,1
LF:22
LH:4
BRF:0
BRH:0
end_of_record
TN:
SF:/Users/mikemccallum/CODES/Class_Practice/JS/JavaBasics/mongoose-relations/database/models/author_model.js
FNF:0
FNH:0
DA:1,1
DA:2,1
DA:4,1
DA:6,1
LF:4
LH:4
BRF:0
BRH:0
end_of_record
TN:
SF:/Users/mikemccallum/CODES/Class_Practice/JS/JavaBasics/mongoose-relations/database/schemas/author_schema.js
FNF:0
FNH:0
DA:1,1
DA:2,1
DA:4,1
DA:20,1
LF:4
LH:4
BRF:0
BRH:0
end_of_record
